<?xml version="1.0" encoding="UTF-8"?>
<!-- Generated by org.testng.reporters.JUnitReportReporter -->
<testsuite hostname="Андрей-ПК" name="testsPNdotCom.TestPN" tests="6" failures="0" timestamp="8 Jun 2015 19:38:23 GMT" time="176.806" errors="0">
  <testcase name="testFilterByProducer" time="6.233" classname="testsPNdotCom.TestPN"/>
  <testcase name="testFilterByPrice" time="19.360" classname="testsPNdotCom.TestPN"/>
  <testcase name="testFilterByControlWeight" time="8.319" classname="testsPNdotCom.TestPN"/>
  <testcase name="testSortByPrice" time="9.866" classname="testsPNdotCom.TestPN"/>
  <testcase name="testCompareMicrowave" time="9.258" classname="testsPNdotCom.TestPN"/>
  <testcase name="testSameInfo" time="123.770" classname="testsPNdotCom.TestPN"/>
</testsuite> <!-- testsPNdotCom.TestPN -->
